<?xml version="1.0" encoding="UTF-8"?>
<testsuite xmlns:xsi="http://www.w3.org/2001/XMLSchema-instance" xsi:noNamespaceSchemaLocation="https://maven.apache.org/surefire/maven-failsafe-plugin/xsd/failsafe-test-report-3.0.xsd" version="3.0" name="com.bjss.testexample.RunnerIT" time="9.765" tests="1" errors="0" skipped="0" failures="0">
  <properties>
[...]
</properties>
  <testcase name="The menu is expandable on BJSS home page" classname="BJSS home page" time="9.576">
    <system-err><![CDATA[1618403713079	geckodriver	INFO	Listening on 127.0.0.1:9018
1618403714200	mozrunner::runner	INFO	Running command: "/Applications/Firefox.app/Contents/MacOS/firefox-bin" "--marionette" "-foreground" "-no-remote" "-profile" "/var/folders/7w/hz7n9y8s0q16jvtm2j7gc588zk3wyn/T/rust_mozprofilembp8JV"
console.warn: SearchSettings: "get: No settings file exists, new profile?" (new Error("", "(unknown module)"))
1618403716321	Marionette	INFO	Listening on port 54340
1618403716352	Marionette	WARN	TLS certificate errors will be ignored for this session
Apr 14, 2021 1:35:16 PM org.openqa.selenium.remote.ProtocolHandshake createSession
INFO: Detected dialect: W3C
1618403721970	Marionette	INFO	Stopped listening on port 54340

###!!! [Parent][RunMessage] Error: Channel closing: too late to send/recv, messages will be lost

]]></system-err>
  </testcase>
</testsuite>